0 info it worked if it ends with ok
1 verbose cli [ 'node', '/usr/local/bin/npm', 'publish' ]
2 info using npm@2.6.0
3 info using node@v0.12.0
4 verbose node symlink /usr/local/bin/node
5 verbose publish [ '.' ]
6 silly cache add args [ '.', null ]
7 verbose cache add spec .
8 silly cache add parsed spec { raw: '.',
8 silly cache add   scope: null,
8 silly cache add   name: null,
8 silly cache add   rawSpec: '.',
8 silly cache add   spec: '/Users/claymcleod/MEGA/Developer Projects/Node/express-beautiful-ejs-engine',
8 silly cache add   type: 'directory' }
9 verbose addLocalDirectory /Users/claymcleod/.npm/express-beautiful-ejs-engine/0.0.1/package.tgz not in flight; packing
10 verbose tar pack [ '/Users/claymcleod/.npm/express-beautiful-ejs-engine/0.0.1/package.tgz',
10 verbose tar pack   '/Users/claymcleod/MEGA/Developer Projects/Node/express-beautiful-ejs-engine' ]
11 verbose tarball /Users/claymcleod/.npm/express-beautiful-ejs-engine/0.0.1/package.tgz
12 verbose folder /Users/claymcleod/MEGA/Developer Projects/Node/express-beautiful-ejs-engine
13 info prepublish express-beautiful-ejs-engine@0.0.1
14 verbose addLocalTarball adding from inside cache /Users/claymcleod/.npm/express-beautiful-ejs-engine/0.0.1/package.tgz
15 silly cache afterAdd express-beautiful-ejs-engine@0.0.1
16 verbose afterAdd /Users/claymcleod/.npm/express-beautiful-ejs-engine/0.0.1/package/package.json not in flight; writing
17 verbose afterAdd /Users/claymcleod/.npm/express-beautiful-ejs-engine/0.0.1/package/package.json written
18 silly publish { name: 'express-beautiful-ejs-engine',
18 silly publish   version: '0.0.1',
18 silly publish   description: 'A replacement engine for EJS that beautifies the HTML output',
18 silly publish   main: 'express-beautiful-ejs-engine.js',
18 silly publish   scripts: { test: 'echo "Error: no test specified" && exit 1' },
18 silly publish   repository:
18 silly publish    { type: 'git',
18 silly publish      url: 'github.com/claymcleod/express-beautiful-ejs-engine/' },
18 silly publish   keywords: [ 'EJS', 'beautiful', 'beautify', 'express', 'engine' ],
18 silly publish   author: { name: 'Clay McLeod' },
18 silly publish   license: 'MIT',
18 silly publish   dependencies: { ejs: '^2.3.1' },
18 silly publish   readme: 'Express Beautiful EJS Engine\n=============================\n\nFor those of us who like clean HTML output from express.\n\nInstallation\n-------------\n\n```\nnpm install express-beautiful-ejs-engine --save\n```\n\nUsage\n-------------\n\n``` \napp.engine(\'ejs\', require(\'express-beautiful-ejs-engine\'));\napp.set(\'view engine\', \'ejs\');\n```',
18 silly publish   readmeFilename: 'README.md',
18 silly publish   gitHead: '60362d9074e831a05f45bd04fd437b94dd49fea8',
18 silly publish   _id: 'express-beautiful-ejs-engine@0.0.1',
18 silly publish   _shasum: '318ce058cf904d8c9a3c36838b3799b663b1921a',
18 silly publish   _from: '.' }
19 silly mapToRegistry name express-beautiful-ejs-engine
20 silly mapToRegistry using default registry
21 silly mapToRegistry registry https://registry.npmjs.org/
22 silly mapToRegistry uri https://registry.npmjs.org/express-beautiful-ejs-engine
23 verbose publish registryBase https://registry.npmjs.org/
24 silly publish uploading /Users/claymcleod/.npm/express-beautiful-ejs-engine/0.0.1/package.tgz
25 verbose request uri https://registry.npmjs.org/express-beautiful-ejs-engine
26 verbose request sending authorization for write operation
27 info attempt registry request try #1 at 22:41:04
28 verbose request using bearer token for auth
29 verbose request id d2c34e5c6d7710a2
30 http request PUT https://registry.npmjs.org/express-beautiful-ejs-engine
31 http 403 https://registry.npmjs.org/express-beautiful-ejs-engine
32 verbose headers { date: 'Thu, 16 Apr 2015 03:41:05 GMT',
32 verbose headers   server: 'Apache',
32 verbose headers   'content-type': 'application/json',
32 verbose headers   'cache-control': 'max-age=60',
32 verbose headers   'content-length': '95',
32 verbose headers   'accept-ranges': 'bytes',
32 verbose headers   via: '1.1 varnish',
32 verbose headers   'x-served-by': 'cache-atl6232-ATL',
32 verbose headers   'x-cache': 'MISS',
32 verbose headers   'x-cache-hits': '0',
32 verbose headers   'x-timer': 'S1429155665.075546,VS0,VE314',
32 verbose headers   'keep-alive': 'timeout=10, max=50',
32 verbose headers   connection: 'Keep-Alive' }
33 verbose request invalidating /Users/claymcleod/.npm/registry.npmjs.org/express-beautiful-ejs-engine on PUT
34 error publish Failed PUT 403
35 verbose stack Error: "You cannot publish over the previously published version 0.0.1." : express-beautiful-ejs-engine
35 verbose stack     at CachingRegistryClient.<anonymous> (/usr/local/lib/node_modules/npm/node_modules/npm-registry-client/lib/request.js:254:14)
35 verbose stack     at Request._callback (/usr/local/lib/node_modules/npm/node_modules/npm-registry-client/lib/request.js:178:14)
35 verbose stack     at Request.self.callback (/usr/local/lib/node_modules/npm/node_modules/request/request.js:344:22)
35 verbose stack     at Request.emit (events.js:110:17)
35 verbose stack     at Request.<anonymous> (/usr/local/lib/node_modules/npm/node_modules/request/request.js:1239:14)
35 verbose stack     at Request.emit (events.js:129:20)
35 verbose stack     at IncomingMessage.<anonymous> (/usr/local/lib/node_modules/npm/node_modules/request/request.js:1187:12)
35 verbose stack     at IncomingMessage.emit (events.js:129:20)
35 verbose stack     at _stream_readable.js:908:16
35 verbose stack     at process._tickCallback (node.js:355:11)
36 verbose statusCode 403
37 verbose pkgid express-beautiful-ejs-engine
38 verbose cwd /Users/claymcleod/MEGA/Developer Projects/Node/express-beautiful-ejs-engine
39 error Darwin 14.3.0
40 error argv "node" "/usr/local/bin/npm" "publish"
41 error node v0.12.0
42 error npm  v2.6.0
43 error code E403
44 error "You cannot publish over the previously published version 0.0.1." : express-beautiful-ejs-engine
45 error If you need help, you may report this error at:
45 error     <http://github.com/npm/npm/issues>
46 verbose exit [ 1, true ]
